<?xml version="1.0" encoding="UTF-8"?>
<testsuite name="com.creditcard.domain.model.validator.CustomerEmailIdValidatorTest" tests="2" skipped="0" failures="0" errors="0" timestamp="2024-03-30T13:47:44" hostname="DESKTOP-GUO1275" time="0.097">
  <properties/>
  <testcase name="shouldBeAbleToReturnFalseForAllValidEmails()" classname="com.creditcard.domain.model.validator.CustomerEmailIdValidatorTest" time="0.069"/>
  <testcase name="shouldBeAbleToReturnTrueForAllValidEmails()" classname="com.creditcard.domain.model.validator.CustomerEmailIdValidatorTest" time="0.01"/>
  <system-out><![CDATA[]]></system-out>
  <system-err><![CDATA[]]></system-err>
</testsuite>
