<?xml version="1.0" encoding="UTF-8"?>
<testsuite name="com.creditcard.domain.model.TransactionTest" tests="6" skipped="0" failures="0" errors="0" timestamp="2024-03-30T14:11:48" hostname="DESKTOP-GUO1275" time="0.198">
  <properties/>
  <testcase name="shouldThrowInvalidCategoryExceptionWhenCategoryIsNull()" classname="com.creditcard.domain.model.TransactionTest" time="0.141"/>
  <testcase name="shouldThrowInvalidCustomerIdExceptionWhenCustomerIdIsNegative()" classname="com.creditcard.domain.model.TransactionTest" time="0.006"/>
  <testcase name="shouldAbleToCreateTransactionWithGivenDetails()" classname="com.creditcard.domain.model.TransactionTest" time="0.008"/>
  <testcase name="shouldThrowInvalidTransactionIdExceptionWhenTransactionIdIsNegative()" classname="com.creditcard.domain.model.TransactionTest" time="0.005"/>
  <testcase name="shouldThrowInvalidCustomerIdExceptionWhenCustomerIdIsZero()" classname="com.creditcard.domain.model.TransactionTest" time="0.002"/>
  <testcase name="shouldThrowInvalidTransactionIdExceptionWhenTransactionIdIsZero()" classname="com.creditcard.domain.model.TransactionTest" time="0.003"/>
  <system-out><![CDATA[]]></system-out>
  <system-err><![CDATA[]]></system-err>
</testsuite>
